Arguments: 
  /home/darkwebplayer/.nvm/versions/node/v14.16.1/bin/node /home/darkwebplayer/.nvm/versions/node/v14.16.1/bin/yarn

PATH: 
  /home/darkwebplayer/.nvm/versions/node/v14.16.1/bin:/usr/local/sbin:/usr/local/bin:/usr/sbin:/usr/bin:/sbin:/bin:/usr/games:/usr/local/games:/snap/bin:/snap/bin

Yarn version: 
  1.22.10

Node version: 
  14.16.1

Platform: 
  linux x64

Trace: 
  Error: getaddrinfo EAI_AGAIN registry.yarnpkg.com
      at GetAddrInfoReqWrap.onlookup [as oncomplete] (dns.js:67:26)

npm manifest: 
  {
    "name": "svelte-app",
    "version": "1.0.0",
    "private": true,
    "scripts": {
      "build": "rollup -c",
      "dev": "rollup -c -w",
      "start": "sirv public --no-clear"
    },
    "devDependencies": {
      "@rollup/plugin-commonjs": "^17.0.0",
      "@rollup/plugin-node-resolve": "^11.0.0",
      "rollup": "^2.3.4",
      "rollup-plugin-css-only": "^3.1.0",
      "rollup-plugin-livereload": "^2.0.0",
      "rollup-plugin-svelte": "^7.0.0",
      "rollup-plugin-terser": "^7.0.0",
      "svelte": "^3.0.0"
    },
    "dependencies": {
      "sirv-cli": "^1.0.0"
    }
  }

yarn manifest: 
  No manifest

Lockfile: 
  No lockfile
